<?xml version="1.0" encoding="UTF-8"?>
<!-- Generated by org.testng.reporters.JUnitXMLReporter -->
<testsuite hostname="wlpt761" ignored="0" name="Test" tests="2" failures="1" timestamp="11 Jul 2020 04:43:46 GMT" time="6.198" errors="0">
  <testcase name="failegoogle" time="0.02" classname="TestNgListenpack.ListenerTest">
    <failure type="java.lang.AssertionError" message="expected [true] but found [false]">
      <![CDATA[java.lang.AssertionError: expected [true] but found [false]
at TestNgListenpack.ListenerTest.failegoogle(ListenerTest.java:29)
... Removed 29 stack frames]]>
    </failure>
  </testcase> <!-- failegoogle -->
  <testcase name="googleverify" time="6.139" classname="TestNgListenpack.ListenerTest"/>
</testsuite> <!-- Test -->
