<?xml version="1.0" encoding="UTF-8"?>
<!-- Generated by org.testng.reporters.JUnitXMLReporter -->
<testsuite hostname="SILCP0160" ignored="0" name="TestServiceCentral7" tests="1" failures="1" timestamp="27 Nov 2017 09:09:13 GMT" time="117.681" errors="0">
  <testcase name="f1" time="117.675" classname="serviceCentralPkg.ServiceCentral17">
    <failure type="java.lang.IndexOutOfBoundsException" message="Index: 3, Size: 3">
      <![CDATA[java.lang.IndexOutOfBoundsException: Index: 3, Size: 3
	at java.util.ArrayList.rangeCheck(Unknown Source)
	at java.util.ArrayList.get(Unknown Source)
	at serviceCentralPkg.ServiceCentral17.dropdowns(ServiceCentral17.java:182)
	at serviceCentralPkg.ServiceCentral17.f1(ServiceCentral17.java:386)
... Removed 25 stack frames]]>
    </failure>
  </testcase> <!-- f1 -->
</testsuite> <!-- TestServiceCentral7 -->
