<?xml version="1.0" encoding="UTF-8"?>
<!-- Generated by org.testng.reporters.JUnitXMLReporter -->
<testsuite hostname="SILCP0160" ignored="0" name="TestServiceCentral11" tests="1" failures="1" timestamp="20 Dec 2017 06:26:12 GMT" time="50.113" errors="0">
  <testcase name="@AfterClass afterClass" time="0.001" classname="serviceCentralPkg.ServiceCentral11">
    <failure type="java.lang.NullPointerException">
      <![CDATA[java.lang.NullPointerException
	at serviceCentralPkg.ServiceCentral11.afterClass(ServiceCentral11.java:411)
... Removed 25 stack frames]]>
    </failure>
  </testcase> <!-- @AfterClass afterClass -->
  <testcase name="f1" time="50.038" classname="serviceCentralPkg.ServiceCentral11">
    <failure type="org.openqa.selenium.WebDriverException" message="Failed to connect to binary FirefoxBinary(C:\Program Files (x86)\Mozilla Firefox\firefox.exe) on port 7055; process output follows: 
a.org.xpi
1513751132719	addons.xpi	INFO	Mapping screenshots@mozilla.org to C:\Program Files (x86)\Mozilla Firefox\browser\features\screenshots@mozilla.org.xpi
1513751132720	addons.xpi	INFO	Mapping shield-recipe-client@mozilla.org to C:\Program Files (x86)\Mozilla Firefox\browser\features\shield-recipe-client@mozilla.org.xpi
1513751132720	addons.xpi	INFO	Mapping webcompat@mozilla.org to C:\Program Files (x86)\Mozilla Firefox\browser\features\webcompat@mozilla.org.xpi
1513751132721	addons.xpi	DEBUG	Existing add-on activity-stream@mozilla.org in app-system-defaults
1513751132721	addons.xpi	DEBUG	Existing add-on aushelper@mozilla.org in app-system-defaults
1513751132722	addons.xpi	DEBUG	Existing add-on clicktoplay-rollout@mozilla.org in app-system-defaults
1513751132722	addons.xpi	DEBUG	Existing add-on e10srollout@mozilla.org in app-system-defaults
1513751132723	addons.xpi	DEBUG	Existing add-on firefox@getpocket.com in app-system-defaults
1513751132723	addons.xpi	DEBUG	Existing add-on followonsearch@mozilla.com in app-system-defaults
1513751132724	addons.xpi	DEBUG	Existing add-on formautofill@mozilla.org in app-system-defaults
1513751132724	addons.xpi	DEBUG	Existing add-on onboarding@mozilla.org in app-system-defaults
1513751132725	addons.xpi	DEBUG	Existing add-on screenshots@mozilla.org in app-system-defaults
1513751132725	addons.xpi	DEBUG	Existing add-on shield-recipe-client@mozilla.org in app-system-defaults
1513751132726	addons.xpi	DEBUG	Existing add-on webcompat@mozilla.org in app-system-defaults
1513751132727	addons.xpi	INFO	Mapping {972ce4c6-7e08-4474-a285-3208198ce6fd} to C:\Program Files (x86)\Mozilla Firefox\browser\extensions\{972ce4c6-7e08-4474-a285-3208198ce6fd}.xpi
1513751132728	addons.xpi	DEBUG	Existing add-on {972ce4c6-7e08-4474-a285-3208198ce6fd} in app-global
1513751132728	addons.xpi	DEBUG	getInstallState changed: false, state: {}
1513751132821	addons.productaddons	INFO	sending request to: https://aus5.mozilla.org/update/3/GMP/56.0.2/20171024165158/WINNT_x86_64-msvc-x64/en-US/release/Windows_NT%2010.0.0.0%20(x64)/default/default/update.xml
Crash Annotation GraphicsCriticalError: |[C0][GFX1]: Potential driver version mismatch ignored due to missing DLLs igd10umd64 v= and igd10iumd64 v= (t=7.63283) [GFX1]: Potential driver version mismatch ignored due to missing DLLs igd10umd64 v= and igd10iumd64 v=
Crash Annotation GraphicsCriticalError: |[C0][GFX1]: Potential driver version mismatch ignored due to missing DLLs igd10umd64 v= and igd10iumd64 v= (t=6.4995) [GFX1]: Potential driver version mismatch ignored due to missing DLLs igd10umd64 v= and igd10iumd64 v=
Unable to read VR Path Registry from C:\Users\rajesh.kondapi\AppData\Local\openvr\openvrpaths.vrpath
[Parent 2504] WARNING: pipe error: 109: file z:/build/build/src/ipc/chromium/src/chrome/common/ipc_channel_win.cc, line 346
Unable to read VR Path Registry from C:\Users\rajesh.kondapi\AppData\Local\openvr\openvrpaths.vrpath
[Child 2884] WARNING: pipe error: 109: file z:/build/build/src/ipc/chromium/src/chrome/common/ipc_channel_win.cc, line 346
[Child 2884] WARNING: pipe error: 109: file z:/build/build/src/ipc/chromium/src/chrome/common/ipc_channel_win.cc, line 346
1513751135542	DeferredSave.webext.sc.lz4	DEBUG	Starting write
1513751135554	DeferredSave.webext.sc.lz4	DEBUG	Write succeeded
1513751136187	addons.productaddons	INFO	Completed downloading document
1513751136712	addons.productaddons	INFO	downloadXHR File download. status=200
1513751136882	addons.productaddons	INFO	Downloaded file will be saved to C:\Users\RAJESH~1.KON\AppData\Local\Temp\tmpaddon-bfd3ac
Crash Annotation GraphicsCriticalError: |[C0][GFX1]: Potential driver version mismatch ignored due to missing DLLs igd10umd64 v= and igd10iumd64 v= (t=22.8168) [GFX1]: Potential driver version mismatch ignored due to missing DLLs igd10umd64 v= and igd10iumd64 v=
1513751143016	addons.productaddons	INFO	downloadXHR File download. status=200
1513751143023	addons.productaddons	INFO	Downloaded file will be saved to C:\Users\RAJESH~1.KON\AppData\Local\Temp\tmpaddon-7f6704

Build info: version: &amp;apos;2.53.0&amp;apos;, revision: &amp;apos;35ae25b&amp;apos;, time: &amp;apos;2016-03-15 17:00:58&amp;apos;
System info: host: &amp;apos;SILCP0160&amp;apos;, ip: &amp;apos;192.168.100.83&amp;apos;, os.name: &amp;apos;Windows 10&amp;apos;, os.arch: &amp;apos;amd64&amp;apos;, os.version: &amp;apos;10.0&amp;apos;, java.version: &amp;apos;1.8.0_73&amp;apos;
Driver info: driver.version: FirefoxDriver">
      <![CDATA[org.openqa.selenium.WebDriverException: Failed to connect to binary FirefoxBinary(C:\Program Files (x86)\Mozilla Firefox\firefox.exe) on port 7055; process output follows: 
a.org.xpi
1513751132719	addons.xpi	INFO	Mapping screenshots@mozilla.org to C:\Program Files (x86)\Mozilla Firefox\browser\features\screenshots@mozilla.org.xpi
1513751132720	addons.xpi	INFO	Mapping shield-recipe-client@mozilla.org to C:\Program Files (x86)\Mozilla Firefox\browser\features\shield-recipe-client@mozilla.org.xpi
1513751132720	addons.xpi	INFO	Mapping webcompat@mozilla.org to C:\Program Files (x86)\Mozilla Firefox\browser\features\webcompat@mozilla.org.xpi
1513751132721	addons.xpi	DEBUG	Existing add-on activity-stream@mozilla.org in app-system-defaults
1513751132721	addons.xpi	DEBUG	Existing add-on aushelper@mozilla.org in app-system-defaults
1513751132722	addons.xpi	DEBUG	Existing add-on clicktoplay-rollout@mozilla.org in app-system-defaults
1513751132722	addons.xpi	DEBUG	Existing add-on e10srollout@mozilla.org in app-system-defaults
1513751132723	addons.xpi	DEBUG	Existing add-on firefox@getpocket.com in app-system-defaults
1513751132723	addons.xpi	DEBUG	Existing add-on followonsearch@mozilla.com in app-system-defaults
1513751132724	addons.xpi	DEBUG	Existing add-on formautofill@mozilla.org in app-system-defaults
1513751132724	addons.xpi	DEBUG	Existing add-on onboarding@mozilla.org in app-system-defaults
1513751132725	addons.xpi	DEBUG	Existing add-on screenshots@mozilla.org in app-system-defaults
1513751132725	addons.xpi	DEBUG	Existing add-on shield-recipe-client@mozilla.org in app-system-defaults
1513751132726	addons.xpi	DEBUG	Existing add-on webcompat@mozilla.org in app-system-defaults
1513751132727	addons.xpi	INFO	Mapping {972ce4c6-7e08-4474-a285-3208198ce6fd} to C:\Program Files (x86)\Mozilla Firefox\browser\extensions\{972ce4c6-7e08-4474-a285-3208198ce6fd}.xpi
1513751132728	addons.xpi	DEBUG	Existing add-on {972ce4c6-7e08-4474-a285-3208198ce6fd} in app-global
1513751132728	addons.xpi	DEBUG	getInstallState changed: false, state: {}
1513751132821	addons.productaddons	INFO	sending request to: https://aus5.mozilla.org/update/3/GMP/56.0.2/20171024165158/WINNT_x86_64-msvc-x64/en-US/release/Windows_NT%2010.0.0.0%20(x64)/default/default/update.xml
Crash Annotation GraphicsCriticalError: |[C0][GFX1]: Potential driver version mismatch ignored due to missing DLLs igd10umd64 v= and igd10iumd64 v= (t=7.63283) [GFX1]: Potential driver version mismatch ignored due to missing DLLs igd10umd64 v= and igd10iumd64 v=
Crash Annotation GraphicsCriticalError: |[C0][GFX1]: Potential driver version mismatch ignored due to missing DLLs igd10umd64 v= and igd10iumd64 v= (t=6.4995) [GFX1]: Potential driver version mismatch ignored due to missing DLLs igd10umd64 v= and igd10iumd64 v=
Unable to read VR Path Registry from C:\Users\rajesh.kondapi\AppData\Local\openvr\openvrpaths.vrpath
[Parent 2504] WARNING: pipe error: 109: file z:/build/build/src/ipc/chromium/src/chrome/common/ipc_channel_win.cc, line 346
Unable to read VR Path Registry from C:\Users\rajesh.kondapi\AppData\Local\openvr\openvrpaths.vrpath
[Child 2884] WARNING: pipe error: 109: file z:/build/build/src/ipc/chromium/src/chrome/common/ipc_channel_win.cc, line 346
[Child 2884] WARNING: pipe error: 109: file z:/build/build/src/ipc/chromium/src/chrome/common/ipc_channel_win.cc, line 346
1513751135542	DeferredSave.webext.sc.lz4	DEBUG	Starting write
1513751135554	DeferredSave.webext.sc.lz4	DEBUG	Write succeeded
1513751136187	addons.productaddons	INFO	Completed downloading document
1513751136712	addons.productaddons	INFO	downloadXHR File download. status=200
1513751136882	addons.productaddons	INFO	Downloaded file will be saved to C:\Users\RAJESH~1.KON\AppData\Local\Temp\tmpaddon-bfd3ac
Crash Annotation GraphicsCriticalError: |[C0][GFX1]: Potential driver version mismatch ignored due to missing DLLs igd10umd64 v= and igd10iumd64 v= (t=22.8168) [GFX1]: Potential driver version mismatch ignored due to missing DLLs igd10umd64 v= and igd10iumd64 v=
1513751143016	addons.productaddons	INFO	downloadXHR File download. status=200
1513751143023	addons.productaddons	INFO	Downloaded file will be saved to C:\Users\RAJESH~1.KON\AppData\Local\Temp\tmpaddon-7f6704

Build info: version: '2.53.0', revision: '35ae25b', time: '2016-03-15 17:00:58'
System info: host: 'SILCP0160', ip: '192.168.100.83', os.name: 'Windows 10', os.arch: 'amd64', os.version: '10.0', java.version: '1.8.0_73'
Driver info: driver.version: FirefoxDriver
	at org.openqa.selenium.firefox.internal.NewProfileExtensionConnection.start(NewProfileExtensionConnection.java:124)
	at org.openqa.selenium.firefox.FirefoxDriver.startClient(FirefoxDriver.java:271)
	at org.openqa.selenium.remote.RemoteWebDriver.<init>(RemoteWebDriver.java:119)
	at org.openqa.selenium.firefox.FirefoxDriver.<init>(FirefoxDriver.java:218)
	at org.openqa.selenium.firefox.FirefoxDriver.<init>(FirefoxDriver.java:211)
	at org.openqa.selenium.firefox.FirefoxDriver.<init>(FirefoxDriver.java:207)
	at org.openqa.selenium.firefox.FirefoxDriver.<init>(FirefoxDriver.java:120)
	at serviceCentralPkg.ServiceCentral11.f1(ServiceCentral11.java:368)
Caused by: org.openqa.selenium.firefox.NotConnectedException: Unable to connect to host 127.0.0.1 on port 7055 after 45000 ms. Firefox console output:
a.org.xpi
1513751132719	addons.xpi	INFO	Mapping screenshots@mozilla.org to C:\Program Files (x86)\Mozilla Firefox\browser\features\screenshots@mozilla.org.xpi
1513751132720	addons.xpi	INFO	Mapping shield-recipe-client@mozilla.org to C:\Program Files (x86)\Mozilla Firefox\browser\features\shield-recipe-client@mozilla.org.xpi
1513751132720	addons.xpi	INFO	Mapping webcompat@mozilla.org to C:\Program Files (x86)\Mozilla Firefox\browser\features\webcompat@mozilla.org.xpi
1513751132721	addons.xpi	DEBUG	Existing add-on activity-stream@mozilla.org in app-system-defaults
1513751132721	addons.xpi	DEBUG	Existing add-on aushelper@mozilla.org in app-system-defaults
1513751132722	addons.xpi	DEBUG	Existing add-on clicktoplay-rollout@mozilla.org in app-system-defaults
1513751132722	addons.xpi	DEBUG	Existing add-on e10srollout@mozilla.org in app-system-defaults
1513751132723	addons.xpi	DEBUG	Existing add-on firefox@getpocket.com in app-system-defaults
1513751132723	addons.xpi	DEBUG	Existing add-on followonsearch@mozilla.com in app-system-defaults
1513751132724	addons.xpi	DEBUG	Existing add-on formautofill@mozilla.org in app-system-defaults
1513751132724	addons.xpi	DEBUG	Existing add-on onboarding@mozilla.org in app-system-defaults
1513751132725	addons.xpi	DEBUG	Existing add-on screenshots@mozilla.org in app-system-defaults
1513751132725	addons.xpi	DEBUG	Existing add-on shield-recipe-client@mozilla.org in app-system-defaults
1513751132726	addons.xpi	DEBUG	Existing add-on webcompat@mozilla.org in app-system-defaults
1513751132727	addons.xpi	INFO	Mapping {972ce4c6-7e08-4474-a285-3208198ce6fd} to C:\Program Files (x86)\Mozilla Firefox\browser\extensions\{972ce4c6-7e08-4474-a285-3208198ce6fd}.xpi
1513751132728	addons.xpi	DEBUG	Existing add-on {972ce4c6-7e08-4474-a285-3208198ce6fd} in app-global
1513751132728	addons.xpi	DEBUG	getInstallState changed: false, state: {}
1513751132821	addons.productaddons	INFO	sending request to: https://aus5.mozilla.org/update/3/GMP/56.0.2/20171024165158/WINNT_x86_64-msvc-x64/en-US/release/Windows_NT%2010.0.0.0%20(x64)/default/default/update.xml
Crash Annotation GraphicsCriticalError: |[C0][GFX1]: Potential driver version mismatch ignored due to missing DLLs igd10umd64 v= and igd10iumd64 v= (t=7.63283) [GFX1]: Potential driver version mismatch ignored due to missing DLLs igd10umd64 v= and igd10iumd64 v=
Crash Annotation GraphicsCriticalError: |[C0][GFX1]: Potential driver version mismatch ignored due to missing DLLs igd10umd64 v= and igd10iumd64 v= (t=6.4995) [GFX1]: Potential driver version mismatch ignored due to missing DLLs igd10umd64 v= and igd10iumd64 v=
Unable to read VR Path Registry from C:\Users\rajesh.kondapi\AppData\Local\openvr\openvrpaths.vrpath
[Parent 2504] WARNING: pipe error: 109: file z:/build/build/src/ipc/chromium/src/chrome/common/ipc_channel_win.cc, line 346
Unable to read VR Path Registry from C:\Users\rajesh.kondapi\AppData\Local\openvr\openvrpaths.vrpath
[Child 2884] WARNING: pipe error: 109: file z:/build/build/src/ipc/chromium/src/chrome/common/ipc_channel_win.cc, line 346
[Child 2884] WARNING: pipe error: 109: file z:/build/build/src/ipc/chromium/src/chrome/common/ipc_channel_win.cc, line 346
1513751135542	DeferredSave.webext.sc.lz4	DEBUG	Starting write
1513751135554	DeferredSave.webext.sc.lz4	DEBUG	Write succeeded
1513751136187	addons.productaddons	INFO	Completed downloading document
1513751136712	addons.productaddons	INFO	downloadXHR File download. status=200
1513751136882	addons.productaddons	INFO	Downloaded file will be saved to C:\Users\RAJESH~1.KON\AppData\Local\Temp\tmpaddon-bfd3ac
Crash Annotation GraphicsCriticalError: |[C0][GFX1]: Potential driver version mismatch ignored due to missing DLLs igd10umd64 v= and igd10iumd64 v= (t=22.8168) [GFX1]: Potential driver version mismatch ignored due to missing DLLs igd10umd64 v= and igd10iumd64 v=
1513751143016	addons.productaddons	INFO	downloadXHR File download. status=200
1513751143023	addons.productaddons	INFO	Downloaded file will be saved to C:\Users\RAJESH~1.KON\AppData\Local\Temp\tmpaddon-7f6704

	at org.openqa.selenium.firefox.internal.NewProfileExtensionConnection.start(NewProfileExtensionConnection.java:112)
	... 32 more
... Removed 25 stack frames]]>
    </failure>
  </testcase> <!-- f1 -->
</testsuite> <!-- TestServiceCentral11 -->
