<?xml version="1.0" encoding="UTF-8"?>
<!-- Generated by org.testng.reporters.JUnitXMLReporter -->
<testsuite hostname="SILCP0160" ignored="0" name="TestServiceCentral4" tests="1" failures="1" timestamp="27 Nov 2017 09:04:17 GMT" time="51.876" errors="0">
  <testcase name="f1" time="51.856" classname="serviceCentralPkg.ServiceCentral14">
    <failure type="org.openqa.selenium.NoSuchElementException" message="Unable to locate element: //a[@data-menu=&amp;apos;274&amp;apos;]/span
For documentation on this error, please visit: http://seleniumhq.org/exceptions/no_such_element.html
Build info: version: &amp;apos;3.4.0&amp;apos;, revision: &amp;apos;unknown&amp;apos;, time: &amp;apos;unknown&amp;apos;
System info: host: &amp;apos;SILCP0160&amp;apos;, ip: &amp;apos;192.168.100.83&amp;apos;, os.name: &amp;apos;Windows 10&amp;apos;, os.arch: &amp;apos;amd64&amp;apos;, os.version: &amp;apos;10.0&amp;apos;, java.version: &amp;apos;1.8.0_73&amp;apos;
Driver info: org.openqa.selenium.firefox.FirefoxDriver
Capabilities [{moz:profile=C:\Users\rajesh.kondapi\AppData\Local\Temp\rust_mozprofile.gbDvFBNtWf3K, rotatable=false, timeouts={implicit=0.0, pageLoad=300000.0, script=30000.0}, pageLoadStrategy=normal, moz:headless=false, platform=ANY, specificationLevel=0.0, moz:accessibilityChecks=false, acceptInsecureCerts=false, browserVersion=56.0.2, platformVersion=10.0, moz:processID=3148.0, browserName=firefox, javascriptEnabled=true, platformName=windows_nt}]
Session ID: 6f4b80c3-9611-4ce1-96db-221bc72febce
*** Element info: {Using=xpath, value=//a[@data-menu=&amp;apos;274&amp;apos;]/span}">
      <![CDATA[org.openqa.selenium.NoSuchElementException: Unable to locate element: //a[@data-menu='274']/span
For documentation on this error, please visit: http://seleniumhq.org/exceptions/no_such_element.html
Build info: version: '3.4.0', revision: 'unknown', time: 'unknown'
System info: host: 'SILCP0160', ip: '192.168.100.83', os.name: 'Windows 10', os.arch: 'amd64', os.version: '10.0', java.version: '1.8.0_73'
Driver info: org.openqa.selenium.firefox.FirefoxDriver
Capabilities [{moz:profile=C:\Users\rajesh.kondapi\AppData\Local\Temp\rust_mozprofile.gbDvFBNtWf3K, rotatable=false, timeouts={implicit=0.0, pageLoad=300000.0, script=30000.0}, pageLoadStrategy=normal, moz:headless=false, platform=ANY, specificationLevel=0.0, moz:accessibilityChecks=false, acceptInsecureCerts=false, browserVersion=56.0.2, platformVersion=10.0, moz:processID=3148.0, browserName=firefox, javascriptEnabled=true, platformName=windows_nt}]
Session ID: 6f4b80c3-9611-4ce1-96db-221bc72febce
*** Element info: {Using=xpath, value=//a[@data-menu='274']/span}
	at org.openqa.selenium.remote.http.W3CHttpResponseCodec.createException(W3CHttpResponseCodec.java:150)
	at org.openqa.selenium.remote.http.W3CHttpResponseCodec.decode(W3CHttpResponseCodec.java:115)
	at org.openqa.selenium.remote.http.W3CHttpResponseCodec.decode(W3CHttpResponseCodec.java:45)
	at org.openqa.selenium.remote.HttpCommandExecutor.execute(HttpCommandExecutor.java:164)
	at org.openqa.selenium.remote.service.DriverCommandExecutor.execute(DriverCommandExecutor.java:82)
	at org.openqa.selenium.remote.RemoteWebDriver.execute(RemoteWebDriver.java:637)
	at org.openqa.selenium.remote.RemoteWebDriver.findElement(RemoteWebDriver.java:410)
	at org.openqa.selenium.remote.RemoteWebDriver.findElementByXPath(RemoteWebDriver.java:509)
	at org.openqa.selenium.By$ByXPath.findElement(By.java:361)
	at org.openqa.selenium.remote.RemoteWebDriver.findElement(RemoteWebDriver.java:402)
	at serviceCentralPkg.ServiceCentral14.f1(ServiceCentral14.java:376)
... Removed 29 stack frames]]>
    </failure>
  </testcase> <!-- f1 -->
</testsuite> <!-- TestServiceCentral4 -->
