<?xml version="1.0" encoding="UTF-8"?>
<!-- Generated by org.testng.reporters.JUnitXMLReporter -->
<testsuite hostname="SILCP0160" name="TestServiceCentral17" tests="1" failures="1" timestamp="8 Dec 2017 06:12:07 GMT" time="47.886" errors="0">
  <testcase name="f1" time="47.886" classname="serviceCentralPkg.ServiceCentral17">
    <failure type="org.openqa.selenium.WebDriverException" message="Failed to connect to binary FirefoxBinary(C:\Program Files (x86)\Mozilla Firefox\firefox.exe) on port 7055; process output follows: 
ous7835762874991411773webdriver-profile\extensions\webdriver-staging
1512713487526	addons.xpi	DEBUG	Existing add-on fxdriver@googlecode.com in app-profile
1512713487528	addons.xpi	INFO	Mapping activity-stream@mozilla.org to C:\Program Files (x86)\Mozilla Firefox\browser\features\activity-stream@mozilla.org.xpi
1512713487528	addons.xpi	INFO	Mapping aushelper@mozilla.org to C:\Program Files (x86)\Mozilla Firefox\browser\features\aushelper@mozilla.org.xpi
1512713487528	addons.xpi	INFO	Mapping clicktoplay-rollout@mozilla.org to C:\Program Files (x86)\Mozilla Firefox\browser\features\clicktoplay-rollout@mozilla.org.xpi
1512713487528	addons.xpi	INFO	Mapping e10srollout@mozilla.org to C:\Program Files (x86)\Mozilla Firefox\browser\features\e10srollout@mozilla.org.xpi
1512713487528	addons.xpi	INFO	Mapping firefox@getpocket.com to C:\Program Files (x86)\Mozilla Firefox\browser\features\firefox@getpocket.com.xpi
1512713487529	addons.xpi	INFO	Mapping followonsearch@mozilla.com to C:\Program Files (x86)\Mozilla Firefox\browser\features\followonsearch@mozilla.com.xpi
1512713487532	addons.xpi	INFO	Mapping formautofill@mozilla.org to C:\Program Files (x86)\Mozilla Firefox\browser\features\formautofill@mozilla.org.xpi
1512713487532	addons.xpi	INFO	Mapping onboarding@mozilla.org to C:\Program Files (x86)\Mozilla Firefox\browser\features\onboarding@mozilla.org.xpi
1512713487532	addons.xpi	INFO	Mapping screenshots@mozilla.org to C:\Program Files (x86)\Mozilla Firefox\browser\features\screenshots@mozilla.org.xpi
1512713487532	addons.xpi	INFO	Mapping shield-recipe-client@mozilla.org to C:\Program Files (x86)\Mozilla Firefox\browser\features\shield-recipe-client@mozilla.org.xpi
1512713487533	addons.xpi	INFO	Mapping webcompat@mozilla.org to C:\Program Files (x86)\Mozilla Firefox\browser\features\webcompat@mozilla.org.xpi
1512713487534	addons.xpi	DEBUG	Existing add-on activity-stream@mozilla.org in app-system-defaults
1512713487534	addons.xpi	DEBUG	Existing add-on aushelper@mozilla.org in app-system-defaults
1512713487535	addons.xpi	DEBUG	Existing add-on clicktoplay-rollout@mozilla.org in app-system-defaults
1512713487536	addons.xpi	DEBUG	Existing add-on e10srollout@mozilla.org in app-system-defaults
1512713487536	addons.xpi	DEBUG	Existing add-on firefox@getpocket.com in app-system-defaults
1512713487536	addons.xpi	DEBUG	Existing add-on followonsearch@mozilla.com in app-system-defaults
1512713487537	addons.xpi	DEBUG	Existing add-on formautofill@mozilla.org in app-system-defaults
1512713487537	addons.xpi	DEBUG	Existing add-on onboarding@mozilla.org in app-system-defaults
1512713487538	addons.xpi	DEBUG	Existing add-on screenshots@mozilla.org in app-system-defaults
1512713487539	addons.xpi	DEBUG	Existing add-on shield-recipe-client@mozilla.org in app-system-defaults
1512713487539	addons.xpi	DEBUG	Existing add-on webcompat@mozilla.org in app-system-defaults
1512713487540	addons.xpi	INFO	Mapping {972ce4c6-7e08-4474-a285-3208198ce6fd} to C:\Program Files (x86)\Mozilla Firefox\browser\extensions\{972ce4c6-7e08-4474-a285-3208198ce6fd}.xpi
1512713487541	addons.xpi	DEBUG	Existing add-on {972ce4c6-7e08-4474-a285-3208198ce6fd} in app-global
1512713487541	addons.xpi	DEBUG	getInstallState changed: false, state: {}
1512713487733	addons.productaddons	INFO	sending request to: https://aus5.mozilla.org/update/3/GMP/56.0.2/20171024165158/WINNT_x86_64-msvc-x64/en-US/release/Windows_NT%2010.0.0.0%20(x64)/default/default/update.xml
1512713489486	addons.productaddons	INFO	Completed downloading document
1512713489714	DeferredSave.webext.sc.lz4	DEBUG	Starting write
1512713489720	DeferredSave.webext.sc.lz4	DEBUG	Write succeeded
1512713489828	addons.productaddons	INFO	downloadXHR File download. status=200
1512713489834	addons.productaddons	INFO	Downloaded file will be saved to C:\Users\RAJESH~1.KON\AppData\Local\Temp\tmpaddon-9c73ee
1512713490294	addons.productaddons	INFO	downloadXHR File download. status=200
1512713490298	addons.productaddons	INFO	Downloaded file will be saved to C:\Users\RAJESH~1.KON\AppData\Local\Temp\tmpaddon-8ede33

Build info: version: &amp;apos;2.53.0&amp;apos;, revision: &amp;apos;35ae25b&amp;apos;, time: &amp;apos;2016-03-15 17:00:58&amp;apos;
System info: host: &amp;apos;SILCP0160&amp;apos;, ip: &amp;apos;192.168.100.83&amp;apos;, os.name: &amp;apos;Windows 10&amp;apos;, os.arch: &amp;apos;amd64&amp;apos;, os.version: &amp;apos;10.0&amp;apos;, java.version: &amp;apos;1.8.0_73&amp;apos;
Driver info: driver.version: FirefoxDriver">
      <![CDATA[org.openqa.selenium.WebDriverException: Failed to connect to binary FirefoxBinary(C:\Program Files (x86)\Mozilla Firefox\firefox.exe) on port 7055; process output follows: 
ous7835762874991411773webdriver-profile\extensions\webdriver-staging
1512713487526	addons.xpi	DEBUG	Existing add-on fxdriver@googlecode.com in app-profile
1512713487528	addons.xpi	INFO	Mapping activity-stream@mozilla.org to C:\Program Files (x86)\Mozilla Firefox\browser\features\activity-stream@mozilla.org.xpi
1512713487528	addons.xpi	INFO	Mapping aushelper@mozilla.org to C:\Program Files (x86)\Mozilla Firefox\browser\features\aushelper@mozilla.org.xpi
1512713487528	addons.xpi	INFO	Mapping clicktoplay-rollout@mozilla.org to C:\Program Files (x86)\Mozilla Firefox\browser\features\clicktoplay-rollout@mozilla.org.xpi
1512713487528	addons.xpi	INFO	Mapping e10srollout@mozilla.org to C:\Program Files (x86)\Mozilla Firefox\browser\features\e10srollout@mozilla.org.xpi
1512713487528	addons.xpi	INFO	Mapping firefox@getpocket.com to C:\Program Files (x86)\Mozilla Firefox\browser\features\firefox@getpocket.com.xpi
1512713487529	addons.xpi	INFO	Mapping followonsearch@mozilla.com to C:\Program Files (x86)\Mozilla Firefox\browser\features\followonsearch@mozilla.com.xpi
1512713487532	addons.xpi	INFO	Mapping formautofill@mozilla.org to C:\Program Files (x86)\Mozilla Firefox\browser\features\formautofill@mozilla.org.xpi
1512713487532	addons.xpi	INFO	Mapping onboarding@mozilla.org to C:\Program Files (x86)\Mozilla Firefox\browser\features\onboarding@mozilla.org.xpi
1512713487532	addons.xpi	INFO	Mapping screenshots@mozilla.org to C:\Program Files (x86)\Mozilla Firefox\browser\features\screenshots@mozilla.org.xpi
1512713487532	addons.xpi	INFO	Mapping shield-recipe-client@mozilla.org to C:\Program Files (x86)\Mozilla Firefox\browser\features\shield-recipe-client@mozilla.org.xpi
1512713487533	addons.xpi	INFO	Mapping webcompat@mozilla.org to C:\Program Files (x86)\Mozilla Firefox\browser\features\webcompat@mozilla.org.xpi
1512713487534	addons.xpi	DEBUG	Existing add-on activity-stream@mozilla.org in app-system-defaults
1512713487534	addons.xpi	DEBUG	Existing add-on aushelper@mozilla.org in app-system-defaults
1512713487535	addons.xpi	DEBUG	Existing add-on clicktoplay-rollout@mozilla.org in app-system-defaults
1512713487536	addons.xpi	DEBUG	Existing add-on e10srollout@mozilla.org in app-system-defaults
1512713487536	addons.xpi	DEBUG	Existing add-on firefox@getpocket.com in app-system-defaults
1512713487536	addons.xpi	DEBUG	Existing add-on followonsearch@mozilla.com in app-system-defaults
1512713487537	addons.xpi	DEBUG	Existing add-on formautofill@mozilla.org in app-system-defaults
1512713487537	addons.xpi	DEBUG	Existing add-on onboarding@mozilla.org in app-system-defaults
1512713487538	addons.xpi	DEBUG	Existing add-on screenshots@mozilla.org in app-system-defaults
1512713487539	addons.xpi	DEBUG	Existing add-on shield-recipe-client@mozilla.org in app-system-defaults
1512713487539	addons.xpi	DEBUG	Existing add-on webcompat@mozilla.org in app-system-defaults
1512713487540	addons.xpi	INFO	Mapping {972ce4c6-7e08-4474-a285-3208198ce6fd} to C:\Program Files (x86)\Mozilla Firefox\browser\extensions\{972ce4c6-7e08-4474-a285-3208198ce6fd}.xpi
1512713487541	addons.xpi	DEBUG	Existing add-on {972ce4c6-7e08-4474-a285-3208198ce6fd} in app-global
1512713487541	addons.xpi	DEBUG	getInstallState changed: false, state: {}
1512713487733	addons.productaddons	INFO	sending request to: https://aus5.mozilla.org/update/3/GMP/56.0.2/20171024165158/WINNT_x86_64-msvc-x64/en-US/release/Windows_NT%2010.0.0.0%20(x64)/default/default/update.xml
1512713489486	addons.productaddons	INFO	Completed downloading document
1512713489714	DeferredSave.webext.sc.lz4	DEBUG	Starting write
1512713489720	DeferredSave.webext.sc.lz4	DEBUG	Write succeeded
1512713489828	addons.productaddons	INFO	downloadXHR File download. status=200
1512713489834	addons.productaddons	INFO	Downloaded file will be saved to C:\Users\RAJESH~1.KON\AppData\Local\Temp\tmpaddon-9c73ee
1512713490294	addons.productaddons	INFO	downloadXHR File download. status=200
1512713490298	addons.productaddons	INFO	Downloaded file will be saved to C:\Users\RAJESH~1.KON\AppData\Local\Temp\tmpaddon-8ede33

Build info: version: '2.53.0', revision: '35ae25b', time: '2016-03-15 17:00:58'
System info: host: 'SILCP0160', ip: '192.168.100.83', os.name: 'Windows 10', os.arch: 'amd64', os.version: '10.0', java.version: '1.8.0_73'
Driver info: driver.version: FirefoxDriver
	at org.openqa.selenium.firefox.internal.NewProfileExtensionConnection.start(NewProfileExtensionConnection.java:124)
	at org.openqa.selenium.firefox.FirefoxDriver.startClient(FirefoxDriver.java:271)
	at org.openqa.selenium.remote.RemoteWebDriver.<init>(RemoteWebDriver.java:119)
	at org.openqa.selenium.firefox.FirefoxDriver.<init>(FirefoxDriver.java:218)
	at org.openqa.selenium.firefox.FirefoxDriver.<init>(FirefoxDriver.java:211)
	at org.openqa.selenium.firefox.FirefoxDriver.<init>(FirefoxDriver.java:207)
	at org.openqa.selenium.firefox.FirefoxDriver.<init>(FirefoxDriver.java:120)
	at serviceCentralPkg.ServiceCentral17.f1(ServiceCentral17.java:360)
Caused by: org.openqa.selenium.firefox.NotConnectedException: Unable to connect to host 127.0.0.1 on port 7055 after 45000 ms. Firefox console output:
ous7835762874991411773webdriver-profile\extensions\webdriver-staging
1512713487526	addons.xpi	DEBUG	Existing add-on fxdriver@googlecode.com in app-profile
1512713487528	addons.xpi	INFO	Mapping activity-stream@mozilla.org to C:\Program Files (x86)\Mozilla Firefox\browser\features\activity-stream@mozilla.org.xpi
1512713487528	addons.xpi	INFO	Mapping aushelper@mozilla.org to C:\Program Files (x86)\Mozilla Firefox\browser\features\aushelper@mozilla.org.xpi
1512713487528	addons.xpi	INFO	Mapping clicktoplay-rollout@mozilla.org to C:\Program Files (x86)\Mozilla Firefox\browser\features\clicktoplay-rollout@mozilla.org.xpi
1512713487528	addons.xpi	INFO	Mapping e10srollout@mozilla.org to C:\Program Files (x86)\Mozilla Firefox\browser\features\e10srollout@mozilla.org.xpi
1512713487528	addons.xpi	INFO	Mapping firefox@getpocket.com to C:\Program Files (x86)\Mozilla Firefox\browser\features\firefox@getpocket.com.xpi
1512713487529	addons.xpi	INFO	Mapping followonsearch@mozilla.com to C:\Program Files (x86)\Mozilla Firefox\browser\features\followonsearch@mozilla.com.xpi
1512713487532	addons.xpi	INFO	Mapping formautofill@mozilla.org to C:\Program Files (x86)\Mozilla Firefox\browser\features\formautofill@mozilla.org.xpi
1512713487532	addons.xpi	INFO	Mapping onboarding@mozilla.org to C:\Program Files (x86)\Mozilla Firefox\browser\features\onboarding@mozilla.org.xpi
1512713487532	addons.xpi	INFO	Mapping screenshots@mozilla.org to C:\Program Files (x86)\Mozilla Firefox\browser\features\screenshots@mozilla.org.xpi
1512713487532	addons.xpi	INFO	Mapping shield-recipe-client@mozilla.org to C:\Program Files (x86)\Mozilla Firefox\browser\features\shield-recipe-client@mozilla.org.xpi
1512713487533	addons.xpi	INFO	Mapping webcompat@mozilla.org to C:\Program Files (x86)\Mozilla Firefox\browser\features\webcompat@mozilla.org.xpi
1512713487534	addons.xpi	DEBUG	Existing add-on activity-stream@mozilla.org in app-system-defaults
1512713487534	addons.xpi	DEBUG	Existing add-on aushelper@mozilla.org in app-system-defaults
1512713487535	addons.xpi	DEBUG	Existing add-on clicktoplay-rollout@mozilla.org in app-system-defaults
1512713487536	addons.xpi	DEBUG	Existing add-on e10srollout@mozilla.org in app-system-defaults
1512713487536	addons.xpi	DEBUG	Existing add-on firefox@getpocket.com in app-system-defaults
1512713487536	addons.xpi	DEBUG	Existing add-on followonsearch@mozilla.com in app-system-defaults
1512713487537	addons.xpi	DEBUG	Existing add-on formautofill@mozilla.org in app-system-defaults
1512713487537	addons.xpi	DEBUG	Existing add-on onboarding@mozilla.org in app-system-defaults
1512713487538	addons.xpi	DEBUG	Existing add-on screenshots@mozilla.org in app-system-defaults
1512713487539	addons.xpi	DEBUG	Existing add-on shield-recipe-client@mozilla.org in app-system-defaults
1512713487539	addons.xpi	DEBUG	Existing add-on webcompat@mozilla.org in app-system-defaults
1512713487540	addons.xpi	INFO	Mapping {972ce4c6-7e08-4474-a285-3208198ce6fd} to C:\Program Files (x86)\Mozilla Firefox\browser\extensions\{972ce4c6-7e08-4474-a285-3208198ce6fd}.xpi
1512713487541	addons.xpi	DEBUG	Existing add-on {972ce4c6-7e08-4474-a285-3208198ce6fd} in app-global
1512713487541	addons.xpi	DEBUG	getInstallState changed: false, state: {}
1512713487733	addons.productaddons	INFO	sending request to: https://aus5.mozilla.org/update/3/GMP/56.0.2/20171024165158/WINNT_x86_64-msvc-x64/en-US/release/Windows_NT%2010.0.0.0%20(x64)/default/default/update.xml
1512713489486	addons.productaddons	INFO	Completed downloading document
1512713489714	DeferredSave.webext.sc.lz4	DEBUG	Starting write
1512713489720	DeferredSave.webext.sc.lz4	DEBUG	Write succeeded
1512713489828	addons.productaddons	INFO	downloadXHR File download. status=200
1512713489834	addons.productaddons	INFO	Downloaded file will be saved to C:\Users\RAJESH~1.KON\AppData\Local\Temp\tmpaddon-9c73ee
1512713490294	addons.productaddons	INFO	downloadXHR File download. status=200
1512713490298	addons.productaddons	INFO	Downloaded file will be saved to C:\Users\RAJESH~1.KON\AppData\Local\Temp\tmpaddon-8ede33

	at org.openqa.selenium.firefox.internal.NewProfileExtensionConnection.start(NewProfileExtensionConnection.java:112)
	... 30 more
... Removed 23 stack frames]]>
    </failure>
  </testcase> <!-- f1 -->
</testsuite> <!-- TestServiceCentral17 -->
