<?xml version="1.0" encoding="UTF-8"?>
<!-- Generated by org.testng.reporters.JUnitXMLReporter -->
<testsuite hostname="pc-PC" name="Regression Test Group" tests="3" failures="0" timestamp="6 Apr 2017 00:35:45 GMT" time="0.073" errors="0">
  <testcase name="secondTest" time="0.023" classname="tests.MultipleTestGroupExample"/>
  <testcase name="firstTest" time="0.001" classname="tests.MultipleTestGroupExample"/>
  <testcase name="thirdTest" time="0.001" classname="tests.MultipleTestGroupExample"/>
</testsuite> <!-- Regression Test Group -->
