<?xml version="1.0" encoding="UTF-8"?>
<!-- Generated by org.testng.reporters.JUnitXMLReporter -->
<testsuite hostname="SILCP0160" name="Default test" tests="8" failures="0" timestamp="17 Aug 2017 11:47:55 GMT" time="0.255" errors="0">
  <testcase name="firstTestCase" time="0.032" classname="exampleTwo.ClassThree"/>
  <testcase name="secondTestCase" time="0.0" classname="exampleTwo.ClassThree"/>
  <testcase name="firstTestCase" time="0.004" classname="exampleOne.Classone"/>
  <testcase name="secondTestCase" time="0.005" classname="exampleOne.Classone"/>
  <testcase name="firstTestCase" time="0.008" classname="exampleOne.ClassTwo"/>
  <testcase name="secondTestCase" time="0.011" classname="exampleOne.ClassTwo"/>
  <testcase name="firstTestCase" time="0.003" classname="exampleTwo.ClassFour"/>
  <testcase name="secondTestCase" time="0.005" classname="exampleTwo.ClassFour"/>
</testsuite> <!-- Default test -->
