<?xml version="1.0" encoding="UTF-8"?>
<!-- Generated by org.testng.reporters.JUnitXMLReporter -->
<testsuite hostname="wlpt761" ignored="2" name="Default test" tests="1" failures="0" timestamp="23 Oct 2020 12:53:39 GMT" time="2.747" errors="0">
  <testcase name="mongoverify" time="2.281" classname="TelenorGp.GPAPI"/>
  <testcase name="apicall" time="0.0" classname="TelenorGp.GPAPI">
    <ignored/>
  </testcase> <!-- apicall -->
  <testcase name="gtridsheet" time="0.0" classname="TelenorGp.GPAPI">
    <ignored/>
  </testcase> <!-- gtridsheet -->
</testsuite> <!-- Default test -->
