<html xmlns:math="http://exslt.org/math" xmlns:testng="http://testng.org">
   <head>
      <title>TestNG Results</title>
      <meta http-equiv="content-type" content="text/html; charset=utf-8"></meta>
      <meta http-equiv="pragma" content="no-cache"></meta>
      <meta http-equiv="cache-control" content="max-age=0"></meta>
      <meta http-equiv="cache-control" content="no-cache"></meta>
      <meta http-equiv="cache-control" content="no-store"></meta>
      <LINK rel="stylesheet" href="style.css"></LINK>
      <script type="text/javascript" src="main.js"></script>
   </head>
   <body>
      <table width="100%" style="font-size: 16px; margin-bottom: 10px;" cellspacing="1">
         <tr>
            <td width="100%">
               All methods in suite
               
               <b>Suite</b>
            </td>
            <td style="background-color: #FFBBBB; padding: 3px 3px 3px 0;" align="center">
               <div style="width: 50px;">0</div>
            </td>
            <td style="background-color: lightgreen; padding: 3px 3px 3px 0;" align="center">
               <div style="width: 50px;">0</div>
            </td>
            <td style="background-color: #FFFFBB; padding: 3px 3px 3px 0;" align="center">
               <div style="width: 50px;">1</div>
            </td>
            <td align="center" style="background-color: #eaf0f7; padding: 3px 3px 3px 0;">
               <div style="width: 50px;">1</div>
            </td>
            <td align="center"
                style="font-weight: bold; background-color: #eaf0f7; padding: 3px 3px 3px 0;">
               <div style="width: 50px;">0%</div>
            </td>
            <td style="background-color: #eaf0f7; padding: 3px 3px 3px 0;" align="center"
                nowrap="true">54s
               
            </td>
         </tr>
      </table>
      <div style="width: 200px;">
         <label for="groupMethodsCheckBox" style="font-weight: bold; margin: 0;">
            <input id="groupMethodsCheckBox" type="checkbox" onclick="switchTestMethodsView(this)"
                   checked=""></input>
            Group by class
            
         </label>
         <br></br>
         <label for="methodsFilter_ALL" style="font-weight: bold; margin: 0;">
            <input id="methodsFilter_ALL" type="checkbox"
                   onclick="testMethodsFilterChanged(this, 'ALL')"
                   checked=""></input>
            All
            
         </label>
      </div>
      <label for="methodsFilter_FAIL" style="margin-left: 20px;">
         <input id="methodsFilter_FAIL" type="checkbox"
                onclick="testMethodsFilterChanged(this, 'FAIL')"
                checked=""></input>
         Failed
         
      </label>
      <label for="methodsFilter_PASS">
         <input id="methodsFilter_PASS" type="checkbox"
                onclick="testMethodsFilterChanged(this, 'PASS')"
                checked=""></input>
         Passed
         
      </label>
      <label for="methodsFilter_SKIP">
         <input id="methodsFilter_SKIP" type="checkbox"
                onclick="testMethodsFilterChanged(this, 'SKIP')"
                checked=""></input>
         Skipped
         
      </label>
      <label for="methodsFilter_CONF">
         <input id="methodsFilter_CONF" type="checkbox"
                onclick="testMethodsFilterChanged(this, 'CONF')"
                checked=""></input>
         Config
         
      </label>
      <br></br>
      <div id="testMethodsByStatus" style="display: none;">
         <table class="testMethodsTable" cellpadding="0" cellspacing="0">
            <tr class="methodsTableHeader">
               <td width="100%">Name</td>
               <td nowrap="true">Started</td>
               <td nowrap="true">Duration</td>
               <td>Exception</td>
            </tr>
            <tr id="CoreAccessPOD.CoreAccessPODApplications.CoreAccessPODTestNG_beforeClass_byStatus_failed_FAIL1_row"
                class="testMethodStatusFAIL testMethodStatusCONF">
               <td width="100%" class="firstMethodCell">
                  <a onclick="toggleDetailsVisibility('CoreAccessPOD.CoreAccessPODApplications.CoreAccessPODTestNG_beforeClass_byStatus_failed_FAIL1_details')">beforeClass()</a>
               </td>
               <td nowrap="true">12:20:23</td>
               <td nowrap="true" align="right">54s
                  
               </td>
               <td nowrap="true">
                  <a onclick="toggleDetailsVisibility('CoreAccessPOD.CoreAccessPODApplications.CoreAccessPODTestNG_beforeClass_byStatus_failed_FAIL1_exception')">org.openqa.selenium.WebDriverException: 
                     Process unexpectedly closed with status: 0
                     Build info: version: '3.7.1', revision: '8a0099a', time: '2017-11-06T21:01:39.354Z'
                     System info: host: 'SILCP0160', ip: '192.168.100.83', os.name: 'Windows 10', os.arch: 'amd64', os.version: '10.0', java.version:
                     '1.8.0_73'
                     Driver info: driver.version: FirefoxDriver
                     remote stacktrace: stack backtrace:
                     0:   0x46c297 - &lt;no info&gt;
                     1:   0x43d9fb - &lt;no info&gt;
                     2:   0x4225f2 - &lt;no info&gt;
                     3:   0x406389 - &lt;no info&gt;
                     4:   0x40cc97 - &lt;no info&gt;
                     5:   0x657a89 - &lt;no info&gt;
                     6:   0x4185b6 - &lt;no info&gt;
                     7:   0x6535a1 - &lt;no info&gt;
                     8: 0x772362c4 - BaseThreadInitThunk
                     9: 0x77710fd9 - RtlSubscribeWnfStateChangeNotification
                     
                  </a>
                   
                  
               </td>
            </tr>
            <tr>
               <td colspan="4" class="detailsBox">
                  <div id="CoreAccessPOD.CoreAccessPODApplications.CoreAccessPODTestNG_beforeClass_byStatus_failed_FAIL1_details"
                       class="testMethodDetails">
                     <div>
                        <b>Name: </b>beforeClass
                     </div>
                     <div>
                        <b>Signature: </b>beforeClass()[pri:0, instance:CoreAccessPOD.CoreAccessPODApplications.CoreAccessPODTestNG@7823a2f9]
                     </div>
                     <div>
                        <b>Start time: </b>12:20:23
                     </div>
                     <div>
                        <b>End time: </b>12:21:17
                     </div>
                     <div>
                        <b>Duration: </b>54s
                        
                     </div>
                  </div>
               </td>
            </tr>
            <tr>
               <td colspan="4" class="detailsBox">
                  <div id="CoreAccessPOD.CoreAccessPODApplications.CoreAccessPODTestNG_beforeClass_byStatus_failed_FAIL1_exception"
                       class="testMethodDetails">
                     <pre style="padding: 5px; margin: 0;">org.openqa.selenium.WebDriverException: Process unexpectedly closed with status: 0
                        Build info: version: '3.7.1', revision: '8a0099a', time: '2017-11-06T21:01:39.354Z'
                        System info: host: 'SILCP0160', ip: '192.168.100.83', os.name: 'Windows 10', os.arch: 'amd64', os.version: '10.0', java.version:
                        '1.8.0_73'
                        Driver info: driver.version: FirefoxDriver
                        remote stacktrace: stack backtrace:
                        0:   0x46c297 - &lt;no info&gt;
                        1:   0x43d9fb - &lt;no info&gt;
                        2:   0x4225f2 - &lt;no info&gt;
                        3:   0x406389 - &lt;no info&gt;
                        4:   0x40cc97 - &lt;no info&gt;
                        5:   0x657a89 - &lt;no info&gt;
                        6:   0x4185b6 - &lt;no info&gt;
                        7:   0x6535a1 - &lt;no info&gt;
                        8: 0x772362c4 - BaseThreadInitThunk
                        9: 0x77710fd9 - RtlSubscribeWnfStateChangeNotification
                        	at sun.reflect.NativeConstructorAccessorImpl.newInstance0(Native Method)
                        	at sun.reflect.NativeConstructorAccessorImpl.newInstance(Unknown Source)
                        	at sun.reflect.DelegatingConstructorAccessorImpl.newInstance(Unknown Source)
                        	at java.lang.reflect.Constructor.newInstance(Unknown Source)
                        	at org.openqa.selenium.remote.W3CHandshakeResponse.lambda$new$0(W3CHandshakeResponse.java:57)
                        	at org.openqa.selenium.remote.W3CHandshakeResponse.lambda$getResponseFunction$2(W3CHandshakeResponse.java:104)
                        	at org.openqa.selenium.remote.ProtocolHandshake.lambda$createSession$0(ProtocolHandshake.java:123)
                        	at java.util.stream.ReferencePipeline$3$1.accept(Unknown Source)
                        	at java.util.Spliterators$ArraySpliterator.tryAdvance(Unknown Source)
                        	at java.util.stream.ReferencePipeline.forEachWithCancel(Unknown Source)
                        	at java.util.stream.AbstractPipeline.copyIntoWithCancel(Unknown Source)
                        	at java.util.stream.AbstractPipeline.copyInto(Unknown Source)
                        	at java.util.stream.AbstractPipeline.wrapAndCopyInto(Unknown Source)
                        	at java.util.stream.FindOps$FindOp.evaluateSequential(Unknown Source)
                        	at java.util.stream.AbstractPipeline.evaluate(Unknown Source)
                        	at java.util.stream.ReferencePipeline.findFirst(Unknown Source)
                        	at org.openqa.selenium.remote.ProtocolHandshake.createSession(ProtocolHandshake.java:126)
                        	at org.openqa.selenium.remote.ProtocolHandshake.createSession(ProtocolHandshake.java:73)
                        	at org.openqa.selenium.remote.HttpCommandExecutor.execute(HttpCommandExecutor.java:142)
                        	at org.openqa.selenium.remote.service.DriverCommandExecutor.execute(DriverCommandExecutor.java:83)
                        	at org.openqa.selenium.remote.RemoteWebDriver.execute(RemoteWebDriver.java:600)
                        	at org.openqa.selenium.remote.RemoteWebDriver.startSession(RemoteWebDriver.java:219)
                        	at org.openqa.selenium.remote.RemoteWebDriver.&lt;init&gt;(RemoteWebDriver.java:142)
                        	at org.openqa.selenium.firefox.FirefoxDriver.&lt;init&gt;(FirefoxDriver.java:120)
                        	at org.openqa.selenium.firefox.FirefoxDriver.&lt;init&gt;(FirefoxDriver.java:98)
                        	at CoreAccessPOD.CoreAccessPODApplications.CoreAccessPODTestNG.beforeClass(CoreAccessPODTestNG.java:18)
                        	at sun.reflect.NativeMethodAccessorImpl.invoke0(Native Method)
                        	at sun.reflect.NativeMethodAccessorImpl.invoke(Unknown Source)
                        	at sun.reflect.DelegatingMethodAccessorImpl.invoke(Unknown Source)
                        	at java.lang.reflect.Method.invoke(Unknown Source)
                        	at org.testng.internal.MethodInvocationHelper.invokeMethod(MethodInvocationHelper.java:108)
                        	at org.testng.internal.Invoker.invokeConfigurationMethod(Invoker.java:523)
                        	at org.testng.internal.Invoker.invokeConfigurations(Invoker.java:224)
                        	at org.testng.internal.Invoker.invokeConfigurations(Invoker.java:146)
                        	at org.testng.internal.TestMethodWorker.invokeBeforeClassMethods(TestMethodWorker.java:166)
                        	at org.testng.internal.TestMethodWorker.run(TestMethodWorker.java:105)
                        	at org.testng.TestRunner.privateRun(TestRunner.java:744)
                        	at org.testng.TestRunner.run(TestRunner.java:602)
                        	at org.testng.SuiteRunner.runTest(SuiteRunner.java:380)
                        	at org.testng.SuiteRunner.runSequentially(SuiteRunner.java:375)
                        	at org.testng.SuiteRunner.privateRun(SuiteRunner.java:340)
                        	at org.testng.SuiteRunner.run(SuiteRunner.java:289)
                        	at org.testng.SuiteRunnerWorker.runSuite(SuiteRunnerWorker.java:52)
                        	at org.testng.SuiteRunnerWorker.run(SuiteRunnerWorker.java:86)
                        	at org.testng.TestNG.runSuitesSequentially(TestNG.java:1301)
                        	at org.testng.TestNG.runSuitesLocally(TestNG.java:1226)
                        	at org.testng.TestNG.runSuites(TestNG.java:1144)
                        	at org.testng.TestNG.run(TestNG.java:1115)
                        	at org.testng.remote.AbstractRemoteTestNG.run(AbstractRemoteTestNG.java:114)
                        	at org.testng.remote.RemoteTestNG.initAndRun(RemoteTestNG.java:251)
                        	at org.testng.remote.RemoteTestNG.main(RemoteTestNG.java:77)
                     </pre>
                  </div>
               </td>
            </tr>
            <tr id="CoreAccessPOD.CoreAccessPODApplications.CoreAccessPODTestNG_f_byStatus_skiped_SKIP1_row"
                class="testMethodStatusSKIP">
               <td width="100%" class="firstMethodCell">
                  <a onclick="toggleDetailsVisibility('CoreAccessPOD.CoreAccessPODApplications.CoreAccessPODTestNG_f_byStatus_skiped_SKIP1_details')">f()</a>
               </td>
               <td nowrap="true">12:21:17</td>
               <td nowrap="true" align="right">0 ms
                  
               </td>
               <td nowrap="true">
                  <a onclick="toggleDetailsVisibility('CoreAccessPOD.CoreAccessPODApplications.CoreAccessPODTestNG_f_byStatus_skiped_SKIP1_exception')">org.openqa.selenium.WebDriverException: 
                     Process unexpectedly closed with status: 0
                     Build info: version: '3.7.1', revision: '8a0099a', time: '2017-11-06T21:01:39.354Z'
                     System info: host: 'SILCP0160', ip: '192.168.100.83', os.name: 'Windows 10', os.arch: 'amd64', os.version: '10.0', java.version:
                     '1.8.0_73'
                     Driver info: driver.version: FirefoxDriver
                     remote stacktrace: stack backtrace:
                     0:   0x46c297 - &lt;no info&gt;
                     1:   0x43d9fb - &lt;no info&gt;
                     2:   0x4225f2 - &lt;no info&gt;
                     3:   0x406389 - &lt;no info&gt;
                     4:   0x40cc97 - &lt;no info&gt;
                     5:   0x657a89 - &lt;no info&gt;
                     6:   0x4185b6 - &lt;no info&gt;
                     7:   0x6535a1 - &lt;no info&gt;
                     8: 0x772362c4 - BaseThreadInitThunk
                     9: 0x77710fd9 - RtlSubscribeWnfStateChangeNotification
                     
                  </a>
                   
                  
               </td>
            </tr>
            <tr>
               <td colspan="4" class="detailsBox">
                  <div id="CoreAccessPOD.CoreAccessPODApplications.CoreAccessPODTestNG_f_byStatus_skiped_SKIP1_details"
                       class="testMethodDetails">
                     <div>
                        <b>Name: </b>f
                     </div>
                     <div>
                        <b>Signature: </b>f()[pri:0, instance:CoreAccessPOD.CoreAccessPODApplications.CoreAccessPODTestNG@7823a2f9]
                     </div>
                     <div>
                        <b>Start time: </b>12:21:17
                     </div>
                     <div>
                        <b>End time: </b>12:21:17
                     </div>
                     <div>
                        <b>Duration: </b>0 ms
                        
                     </div>
                  </div>
               </td>
            </tr>
            <tr>
               <td colspan="4" class="detailsBox">
                  <div id="CoreAccessPOD.CoreAccessPODApplications.CoreAccessPODTestNG_f_byStatus_skiped_SKIP1_exception"
                       class="testMethodDetails">
                     <pre style="padding: 5px; margin: 0;">org.openqa.selenium.WebDriverException: Process unexpectedly closed with status: 0
                        Build info: version: '3.7.1', revision: '8a0099a', time: '2017-11-06T21:01:39.354Z'
                        System info: host: 'SILCP0160', ip: '192.168.100.83', os.name: 'Windows 10', os.arch: 'amd64', os.version: '10.0', java.version:
                        '1.8.0_73'
                        Driver info: driver.version: FirefoxDriver
                        remote stacktrace: stack backtrace:
                        0:   0x46c297 - &lt;no info&gt;
                        1:   0x43d9fb - &lt;no info&gt;
                        2:   0x4225f2 - &lt;no info&gt;
                        3:   0x406389 - &lt;no info&gt;
                        4:   0x40cc97 - &lt;no info&gt;
                        5:   0x657a89 - &lt;no info&gt;
                        6:   0x4185b6 - &lt;no info&gt;
                        7:   0x6535a1 - &lt;no info&gt;
                        8: 0x772362c4 - BaseThreadInitThunk
                        9: 0x77710fd9 - RtlSubscribeWnfStateChangeNotification
                        	at sun.reflect.NativeConstructorAccessorImpl.newInstance0(Native Method)
                        	at sun.reflect.NativeConstructorAccessorImpl.newInstance(Unknown Source)
                        	at sun.reflect.DelegatingConstructorAccessorImpl.newInstance(Unknown Source)
                        	at java.lang.reflect.Constructor.newInstance(Unknown Source)
                        	at org.openqa.selenium.remote.W3CHandshakeResponse.lambda$new$0(W3CHandshakeResponse.java:57)
                        	at org.openqa.selenium.remote.W3CHandshakeResponse.lambda$getResponseFunction$2(W3CHandshakeResponse.java:104)
                        	at org.openqa.selenium.remote.ProtocolHandshake.lambda$createSession$0(ProtocolHandshake.java:123)
                        	at java.util.stream.ReferencePipeline$3$1.accept(Unknown Source)
                        	at java.util.Spliterators$ArraySpliterator.tryAdvance(Unknown Source)
                        	at java.util.stream.ReferencePipeline.forEachWithCancel(Unknown Source)
                        	at java.util.stream.AbstractPipeline.copyIntoWithCancel(Unknown Source)
                        	at java.util.stream.AbstractPipeline.copyInto(Unknown Source)
                        	at java.util.stream.AbstractPipeline.wrapAndCopyInto(Unknown Source)
                        	at java.util.stream.FindOps$FindOp.evaluateSequential(Unknown Source)
                        	at java.util.stream.AbstractPipeline.evaluate(Unknown Source)
                        	at java.util.stream.ReferencePipeline.findFirst(Unknown Source)
                        	at org.openqa.selenium.remote.ProtocolHandshake.createSession(ProtocolHandshake.java:126)
                        	at org.openqa.selenium.remote.ProtocolHandshake.createSession(ProtocolHandshake.java:73)
                        	at org.openqa.selenium.remote.HttpCommandExecutor.execute(HttpCommandExecutor.java:142)
                        	at org.openqa.selenium.remote.service.DriverCommandExecutor.execute(DriverCommandExecutor.java:83)
                        	at org.openqa.selenium.remote.RemoteWebDriver.execute(RemoteWebDriver.java:600)
                        	at org.openqa.selenium.remote.RemoteWebDriver.startSession(RemoteWebDriver.java:219)
                        	at org.openqa.selenium.remote.RemoteWebDriver.&lt;init&gt;(RemoteWebDriver.java:142)
                        	at org.openqa.selenium.firefox.FirefoxDriver.&lt;init&gt;(FirefoxDriver.java:120)
                        	at org.openqa.selenium.firefox.FirefoxDriver.&lt;init&gt;(FirefoxDriver.java:98)
                        	at CoreAccessPOD.CoreAccessPODApplications.CoreAccessPODTestNG.beforeClass(CoreAccessPODTestNG.java:18)
                        	at sun.reflect.NativeMethodAccessorImpl.invoke0(Native Method)
                        	at sun.reflect.NativeMethodAccessorImpl.invoke(Unknown Source)
                        	at sun.reflect.DelegatingMethodAccessorImpl.invoke(Unknown Source)
                        	at java.lang.reflect.Method.invoke(Unknown Source)
                        	at org.testng.internal.MethodInvocationHelper.invokeMethod(MethodInvocationHelper.java:108)
                        	at org.testng.internal.Invoker.invokeConfigurationMethod(Invoker.java:523)
                        	at org.testng.internal.Invoker.invokeConfigurations(Invoker.java:224)
                        	at org.testng.internal.Invoker.invokeConfigurations(Invoker.java:146)
                        	at org.testng.internal.TestMethodWorker.invokeBeforeClassMethods(TestMethodWorker.java:166)
                        	at org.testng.internal.TestMethodWorker.run(TestMethodWorker.java:105)
                        	at org.testng.TestRunner.privateRun(TestRunner.java:744)
                        	at org.testng.TestRunner.run(TestRunner.java:602)
                        	at org.testng.SuiteRunner.runTest(SuiteRunner.java:380)
                        	at org.testng.SuiteRunner.runSequentially(SuiteRunner.java:375)
                        	at org.testng.SuiteRunner.privateRun(SuiteRunner.java:340)
                        	at org.testng.SuiteRunner.run(SuiteRunner.java:289)
                        	at org.testng.SuiteRunnerWorker.runSuite(SuiteRunnerWorker.java:52)
                        	at org.testng.SuiteRunnerWorker.run(SuiteRunnerWorker.java:86)
                        	at org.testng.TestNG.runSuitesSequentially(TestNG.java:1301)
                        	at org.testng.TestNG.runSuitesLocally(TestNG.java:1226)
                        	at org.testng.TestNG.runSuites(TestNG.java:1144)
                        	at org.testng.TestNG.run(TestNG.java:1115)
                        	at org.testng.remote.AbstractRemoteTestNG.run(AbstractRemoteTestNG.java:114)
                        	at org.testng.remote.RemoteTestNG.initAndRun(RemoteTestNG.java:251)
                        	at org.testng.remote.RemoteTestNG.main(RemoteTestNG.java:77)
                     </pre>
                  </div>
               </td>
            </tr>
            <tr id="CoreAccessPOD.CoreAccessPODApplications.CoreAccessPODTestNG_afterClass_byStatus_skiped_SKIP2_row"
                class="testMethodStatusSKIP testMethodStatusCONF">
               <td width="100%" class="firstMethodCell">
                  <a onclick="toggleDetailsVisibility('CoreAccessPOD.CoreAccessPODApplications.CoreAccessPODTestNG_afterClass_byStatus_skiped_SKIP2_details')">afterClass()</a>
               </td>
               <td nowrap="true">12:21:17</td>
               <td nowrap="true" align="right">0 ms
                  
               </td>
               <td nowrap="true">
                   
                  
               </td>
            </tr>
            <tr>
               <td colspan="4" class="detailsBox">
                  <div id="CoreAccessPOD.CoreAccessPODApplications.CoreAccessPODTestNG_afterClass_byStatus_skiped_SKIP2_details"
                       class="testMethodDetails">
                     <div>
                        <b>Name: </b>afterClass
                     </div>
                     <div>
                        <b>Signature: </b>afterClass()[pri:0, instance:CoreAccessPOD.CoreAccessPODApplications.CoreAccessPODTestNG@7823a2f9]
                     </div>
                     <div>
                        <b>Start time: </b>12:21:17
                     </div>
                     <div>
                        <b>End time: </b>12:21:17
                     </div>
                     <div>
                        <b>Duration: </b>0 ms
                        
                     </div>
                  </div>
               </td>
            </tr>
            <tr></tr>
         </table>
      </div>
      <div id="testMethodsByClass">
         <table class="testMethodsTable" cellpadding="0" cellspacing="0">
            <tr>
               <td colspan="4">
                  <h3 style="display: inline;">CoreAccessPOD.CoreAccessPODApplications.CoreAccessPODTestNG</h3>
               </td>
            </tr>
            <tr class="methodsTableHeader">
               <td width="100%">Name</td>
               <td nowrap="true">Started</td>
               <td nowrap="true">Duration</td>
               <td>Exception</td>
            </tr>
            <tr id="CoreAccessPOD.CoreAccessPODApplications.CoreAccessPODTestNG_beforeClass_byClass_FAIL1_row"
                class="testMethodStatusFAIL testMethodStatusCONF">
               <td width="100%" class="firstMethodCell">
                  <a onclick="toggleDetailsVisibility('CoreAccessPOD.CoreAccessPODApplications.CoreAccessPODTestNG_beforeClass_byClass_FAIL1_details')">beforeClass()</a>
               </td>
               <td nowrap="true">12:20:23</td>
               <td nowrap="true" align="right">54s
                  
               </td>
               <td nowrap="true">
                  <a onclick="toggleDetailsVisibility('CoreAccessPOD.CoreAccessPODApplications.CoreAccessPODTestNG_beforeClass_byClass_FAIL1_exception')">org.openqa.selenium.WebDriverException: 
                     Process unexpectedly closed with status: 0
                     Build info: version: '3.7.1', revision: '8a0099a', time: '2017-11-06T21:01:39.354Z'
                     System info: host: 'SILCP0160', ip: '192.168.100.83', os.name: 'Windows 10', os.arch: 'amd64', os.version: '10.0', java.version:
                     '1.8.0_73'
                     Driver info: driver.version: FirefoxDriver
                     remote stacktrace: stack backtrace:
                     0:   0x46c297 - &lt;no info&gt;
                     1:   0x43d9fb - &lt;no info&gt;
                     2:   0x4225f2 - &lt;no info&gt;
                     3:   0x406389 - &lt;no info&gt;
                     4:   0x40cc97 - &lt;no info&gt;
                     5:   0x657a89 - &lt;no info&gt;
                     6:   0x4185b6 - &lt;no info&gt;
                     7:   0x6535a1 - &lt;no info&gt;
                     8: 0x772362c4 - BaseThreadInitThunk
                     9: 0x77710fd9 - RtlSubscribeWnfStateChangeNotification
                     
                  </a>
                   
                  
               </td>
            </tr>
            <tr>
               <td colspan="4" class="detailsBox">
                  <div id="CoreAccessPOD.CoreAccessPODApplications.CoreAccessPODTestNG_beforeClass_byClass_FAIL1_details"
                       class="testMethodDetails">
                     <div>
                        <b>Name: </b>beforeClass
                     </div>
                     <div>
                        <b>Signature: </b>beforeClass()[pri:0, instance:CoreAccessPOD.CoreAccessPODApplications.CoreAccessPODTestNG@7823a2f9]
                     </div>
                     <div>
                        <b>Start time: </b>12:20:23
                     </div>
                     <div>
                        <b>End time: </b>12:21:17
                     </div>
                     <div>
                        <b>Duration: </b>54s
                        
                     </div>
                  </div>
               </td>
            </tr>
            <tr>
               <td colspan="4" class="detailsBox">
                  <div id="CoreAccessPOD.CoreAccessPODApplications.CoreAccessPODTestNG_beforeClass_byClass_FAIL1_exception"
                       class="testMethodDetails">
                     <pre style="padding: 5px; margin: 0;">org.openqa.selenium.WebDriverException: Process unexpectedly closed with status: 0
                        Build info: version: '3.7.1', revision: '8a0099a', time: '2017-11-06T21:01:39.354Z'
                        System info: host: 'SILCP0160', ip: '192.168.100.83', os.name: 'Windows 10', os.arch: 'amd64', os.version: '10.0', java.version:
                        '1.8.0_73'
                        Driver info: driver.version: FirefoxDriver
                        remote stacktrace: stack backtrace:
                        0:   0x46c297 - &lt;no info&gt;
                        1:   0x43d9fb - &lt;no info&gt;
                        2:   0x4225f2 - &lt;no info&gt;
                        3:   0x406389 - &lt;no info&gt;
                        4:   0x40cc97 - &lt;no info&gt;
                        5:   0x657a89 - &lt;no info&gt;
                        6:   0x4185b6 - &lt;no info&gt;
                        7:   0x6535a1 - &lt;no info&gt;
                        8: 0x772362c4 - BaseThreadInitThunk
                        9: 0x77710fd9 - RtlSubscribeWnfStateChangeNotification
                        	at sun.reflect.NativeConstructorAccessorImpl.newInstance0(Native Method)
                        	at sun.reflect.NativeConstructorAccessorImpl.newInstance(Unknown Source)
                        	at sun.reflect.DelegatingConstructorAccessorImpl.newInstance(Unknown Source)
                        	at java.lang.reflect.Constructor.newInstance(Unknown Source)
                        	at org.openqa.selenium.remote.W3CHandshakeResponse.lambda$new$0(W3CHandshakeResponse.java:57)
                        	at org.openqa.selenium.remote.W3CHandshakeResponse.lambda$getResponseFunction$2(W3CHandshakeResponse.java:104)
                        	at org.openqa.selenium.remote.ProtocolHandshake.lambda$createSession$0(ProtocolHandshake.java:123)
                        	at java.util.stream.ReferencePipeline$3$1.accept(Unknown Source)
                        	at java.util.Spliterators$ArraySpliterator.tryAdvance(Unknown Source)
                        	at java.util.stream.ReferencePipeline.forEachWithCancel(Unknown Source)
                        	at java.util.stream.AbstractPipeline.copyIntoWithCancel(Unknown Source)
                        	at java.util.stream.AbstractPipeline.copyInto(Unknown Source)
                        	at java.util.stream.AbstractPipeline.wrapAndCopyInto(Unknown Source)
                        	at java.util.stream.FindOps$FindOp.evaluateSequential(Unknown Source)
                        	at java.util.stream.AbstractPipeline.evaluate(Unknown Source)
                        	at java.util.stream.ReferencePipeline.findFirst(Unknown Source)
                        	at org.openqa.selenium.remote.ProtocolHandshake.createSession(ProtocolHandshake.java:126)
                        	at org.openqa.selenium.remote.ProtocolHandshake.createSession(ProtocolHandshake.java:73)
                        	at org.openqa.selenium.remote.HttpCommandExecutor.execute(HttpCommandExecutor.java:142)
                        	at org.openqa.selenium.remote.service.DriverCommandExecutor.execute(DriverCommandExecutor.java:83)
                        	at org.openqa.selenium.remote.RemoteWebDriver.execute(RemoteWebDriver.java:600)
                        	at org.openqa.selenium.remote.RemoteWebDriver.startSession(RemoteWebDriver.java:219)
                        	at org.openqa.selenium.remote.RemoteWebDriver.&lt;init&gt;(RemoteWebDriver.java:142)
                        	at org.openqa.selenium.firefox.FirefoxDriver.&lt;init&gt;(FirefoxDriver.java:120)
                        	at org.openqa.selenium.firefox.FirefoxDriver.&lt;init&gt;(FirefoxDriver.java:98)
                        	at CoreAccessPOD.CoreAccessPODApplications.CoreAccessPODTestNG.beforeClass(CoreAccessPODTestNG.java:18)
                        	at sun.reflect.NativeMethodAccessorImpl.invoke0(Native Method)
                        	at sun.reflect.NativeMethodAccessorImpl.invoke(Unknown Source)
                        	at sun.reflect.DelegatingMethodAccessorImpl.invoke(Unknown Source)
                        	at java.lang.reflect.Method.invoke(Unknown Source)
                        	at org.testng.internal.MethodInvocationHelper.invokeMethod(MethodInvocationHelper.java:108)
                        	at org.testng.internal.Invoker.invokeConfigurationMethod(Invoker.java:523)
                        	at org.testng.internal.Invoker.invokeConfigurations(Invoker.java:224)
                        	at org.testng.internal.Invoker.invokeConfigurations(Invoker.java:146)
                        	at org.testng.internal.TestMethodWorker.invokeBeforeClassMethods(TestMethodWorker.java:166)
                        	at org.testng.internal.TestMethodWorker.run(TestMethodWorker.java:105)
                        	at org.testng.TestRunner.privateRun(TestRunner.java:744)
                        	at org.testng.TestRunner.run(TestRunner.java:602)
                        	at org.testng.SuiteRunner.runTest(SuiteRunner.java:380)
                        	at org.testng.SuiteRunner.runSequentially(SuiteRunner.java:375)
                        	at org.testng.SuiteRunner.privateRun(SuiteRunner.java:340)
                        	at org.testng.SuiteRunner.run(SuiteRunner.java:289)
                        	at org.testng.SuiteRunnerWorker.runSuite(SuiteRunnerWorker.java:52)
                        	at org.testng.SuiteRunnerWorker.run(SuiteRunnerWorker.java:86)
                        	at org.testng.TestNG.runSuitesSequentially(TestNG.java:1301)
                        	at org.testng.TestNG.runSuitesLocally(TestNG.java:1226)
                        	at org.testng.TestNG.runSuites(TestNG.java:1144)
                        	at org.testng.TestNG.run(TestNG.java:1115)
                        	at org.testng.remote.AbstractRemoteTestNG.run(AbstractRemoteTestNG.java:114)
                        	at org.testng.remote.RemoteTestNG.initAndRun(RemoteTestNG.java:251)
                        	at org.testng.remote.RemoteTestNG.main(RemoteTestNG.java:77)
                     </pre>
                  </div>
               </td>
            </tr>
            <tr id="CoreAccessPOD.CoreAccessPODApplications.CoreAccessPODTestNG_f_byClass_SKIP2_row"
                class="testMethodStatusSKIP">
               <td width="100%" class="firstMethodCell">
                  <a onclick="toggleDetailsVisibility('CoreAccessPOD.CoreAccessPODApplications.CoreAccessPODTestNG_f_byClass_SKIP2_details')">f()</a>
               </td>
               <td nowrap="true">12:21:17</td>
               <td nowrap="true" align="right">0 ms
                  
               </td>
               <td nowrap="true">
                  <a onclick="toggleDetailsVisibility('CoreAccessPOD.CoreAccessPODApplications.CoreAccessPODTestNG_f_byClass_SKIP2_exception')">org.openqa.selenium.WebDriverException: 
                     Process unexpectedly closed with status: 0
                     Build info: version: '3.7.1', revision: '8a0099a', time: '2017-11-06T21:01:39.354Z'
                     System info: host: 'SILCP0160', ip: '192.168.100.83', os.name: 'Windows 10', os.arch: 'amd64', os.version: '10.0', java.version:
                     '1.8.0_73'
                     Driver info: driver.version: FirefoxDriver
                     remote stacktrace: stack backtrace:
                     0:   0x46c297 - &lt;no info&gt;
                     1:   0x43d9fb - &lt;no info&gt;
                     2:   0x4225f2 - &lt;no info&gt;
                     3:   0x406389 - &lt;no info&gt;
                     4:   0x40cc97 - &lt;no info&gt;
                     5:   0x657a89 - &lt;no info&gt;
                     6:   0x4185b6 - &lt;no info&gt;
                     7:   0x6535a1 - &lt;no info&gt;
                     8: 0x772362c4 - BaseThreadInitThunk
                     9: 0x77710fd9 - RtlSubscribeWnfStateChangeNotification
                     
                  </a>
                   
                  
               </td>
            </tr>
            <tr>
               <td colspan="4" class="detailsBox">
                  <div id="CoreAccessPOD.CoreAccessPODApplications.CoreAccessPODTestNG_f_byClass_SKIP2_details"
                       class="testMethodDetails">
                     <div>
                        <b>Name: </b>f
                     </div>
                     <div>
                        <b>Signature: </b>f()[pri:0, instance:CoreAccessPOD.CoreAccessPODApplications.CoreAccessPODTestNG@7823a2f9]
                     </div>
                     <div>
                        <b>Start time: </b>12:21:17
                     </div>
                     <div>
                        <b>End time: </b>12:21:17
                     </div>
                     <div>
                        <b>Duration: </b>0 ms
                        
                     </div>
                  </div>
               </td>
            </tr>
            <tr>
               <td colspan="4" class="detailsBox">
                  <div id="CoreAccessPOD.CoreAccessPODApplications.CoreAccessPODTestNG_f_byClass_SKIP2_exception"
                       class="testMethodDetails">
                     <pre style="padding: 5px; margin: 0;">org.openqa.selenium.WebDriverException: Process unexpectedly closed with status: 0
                        Build info: version: '3.7.1', revision: '8a0099a', time: '2017-11-06T21:01:39.354Z'
                        System info: host: 'SILCP0160', ip: '192.168.100.83', os.name: 'Windows 10', os.arch: 'amd64', os.version: '10.0', java.version:
                        '1.8.0_73'
                        Driver info: driver.version: FirefoxDriver
                        remote stacktrace: stack backtrace:
                        0:   0x46c297 - &lt;no info&gt;
                        1:   0x43d9fb - &lt;no info&gt;
                        2:   0x4225f2 - &lt;no info&gt;
                        3:   0x406389 - &lt;no info&gt;
                        4:   0x40cc97 - &lt;no info&gt;
                        5:   0x657a89 - &lt;no info&gt;
                        6:   0x4185b6 - &lt;no info&gt;
                        7:   0x6535a1 - &lt;no info&gt;
                        8: 0x772362c4 - BaseThreadInitThunk
                        9: 0x77710fd9 - RtlSubscribeWnfStateChangeNotification
                        	at sun.reflect.NativeConstructorAccessorImpl.newInstance0(Native Method)
                        	at sun.reflect.NativeConstructorAccessorImpl.newInstance(Unknown Source)
                        	at sun.reflect.DelegatingConstructorAccessorImpl.newInstance(Unknown Source)
                        	at java.lang.reflect.Constructor.newInstance(Unknown Source)
                        	at org.openqa.selenium.remote.W3CHandshakeResponse.lambda$new$0(W3CHandshakeResponse.java:57)
                        	at org.openqa.selenium.remote.W3CHandshakeResponse.lambda$getResponseFunction$2(W3CHandshakeResponse.java:104)
                        	at org.openqa.selenium.remote.ProtocolHandshake.lambda$createSession$0(ProtocolHandshake.java:123)
                        	at java.util.stream.ReferencePipeline$3$1.accept(Unknown Source)
                        	at java.util.Spliterators$ArraySpliterator.tryAdvance(Unknown Source)
                        	at java.util.stream.ReferencePipeline.forEachWithCancel(Unknown Source)
                        	at java.util.stream.AbstractPipeline.copyIntoWithCancel(Unknown Source)
                        	at java.util.stream.AbstractPipeline.copyInto(Unknown Source)
                        	at java.util.stream.AbstractPipeline.wrapAndCopyInto(Unknown Source)
                        	at java.util.stream.FindOps$FindOp.evaluateSequential(Unknown Source)
                        	at java.util.stream.AbstractPipeline.evaluate(Unknown Source)
                        	at java.util.stream.ReferencePipeline.findFirst(Unknown Source)
                        	at org.openqa.selenium.remote.ProtocolHandshake.createSession(ProtocolHandshake.java:126)
                        	at org.openqa.selenium.remote.ProtocolHandshake.createSession(ProtocolHandshake.java:73)
                        	at org.openqa.selenium.remote.HttpCommandExecutor.execute(HttpCommandExecutor.java:142)
                        	at org.openqa.selenium.remote.service.DriverCommandExecutor.execute(DriverCommandExecutor.java:83)
                        	at org.openqa.selenium.remote.RemoteWebDriver.execute(RemoteWebDriver.java:600)
                        	at org.openqa.selenium.remote.RemoteWebDriver.startSession(RemoteWebDriver.java:219)
                        	at org.openqa.selenium.remote.RemoteWebDriver.&lt;init&gt;(RemoteWebDriver.java:142)
                        	at org.openqa.selenium.firefox.FirefoxDriver.&lt;init&gt;(FirefoxDriver.java:120)
                        	at org.openqa.selenium.firefox.FirefoxDriver.&lt;init&gt;(FirefoxDriver.java:98)
                        	at CoreAccessPOD.CoreAccessPODApplications.CoreAccessPODTestNG.beforeClass(CoreAccessPODTestNG.java:18)
                        	at sun.reflect.NativeMethodAccessorImpl.invoke0(Native Method)
                        	at sun.reflect.NativeMethodAccessorImpl.invoke(Unknown Source)
                        	at sun.reflect.DelegatingMethodAccessorImpl.invoke(Unknown Source)
                        	at java.lang.reflect.Method.invoke(Unknown Source)
                        	at org.testng.internal.MethodInvocationHelper.invokeMethod(MethodInvocationHelper.java:108)
                        	at org.testng.internal.Invoker.invokeConfigurationMethod(Invoker.java:523)
                        	at org.testng.internal.Invoker.invokeConfigurations(Invoker.java:224)
                        	at org.testng.internal.Invoker.invokeConfigurations(Invoker.java:146)
                        	at org.testng.internal.TestMethodWorker.invokeBeforeClassMethods(TestMethodWorker.java:166)
                        	at org.testng.internal.TestMethodWorker.run(TestMethodWorker.java:105)
                        	at org.testng.TestRunner.privateRun(TestRunner.java:744)
                        	at org.testng.TestRunner.run(TestRunner.java:602)
                        	at org.testng.SuiteRunner.runTest(SuiteRunner.java:380)
                        	at org.testng.SuiteRunner.runSequentially(SuiteRunner.java:375)
                        	at org.testng.SuiteRunner.privateRun(SuiteRunner.java:340)
                        	at org.testng.SuiteRunner.run(SuiteRunner.java:289)
                        	at org.testng.SuiteRunnerWorker.runSuite(SuiteRunnerWorker.java:52)
                        	at org.testng.SuiteRunnerWorker.run(SuiteRunnerWorker.java:86)
                        	at org.testng.TestNG.runSuitesSequentially(TestNG.java:1301)
                        	at org.testng.TestNG.runSuitesLocally(TestNG.java:1226)
                        	at org.testng.TestNG.runSuites(TestNG.java:1144)
                        	at org.testng.TestNG.run(TestNG.java:1115)
                        	at org.testng.remote.AbstractRemoteTestNG.run(AbstractRemoteTestNG.java:114)
                        	at org.testng.remote.RemoteTestNG.initAndRun(RemoteTestNG.java:251)
                        	at org.testng.remote.RemoteTestNG.main(RemoteTestNG.java:77)
                     </pre>
                  </div>
               </td>
            </tr>
            <tr id="CoreAccessPOD.CoreAccessPODApplications.CoreAccessPODTestNG_afterClass_byClass_SKIP3_row"
                class="testMethodStatusSKIP testMethodStatusCONF">
               <td width="100%" class="firstMethodCell">
                  <a onclick="toggleDetailsVisibility('CoreAccessPOD.CoreAccessPODApplications.CoreAccessPODTestNG_afterClass_byClass_SKIP3_details')">afterClass()</a>
               </td>
               <td nowrap="true">12:21:17</td>
               <td nowrap="true" align="right">0 ms
                  
               </td>
               <td nowrap="true">
                   
                  
               </td>
            </tr>
            <tr>
               <td colspan="4" class="detailsBox">
                  <div id="CoreAccessPOD.CoreAccessPODApplications.CoreAccessPODTestNG_afterClass_byClass_SKIP3_details"
                       class="testMethodDetails">
                     <div>
                        <b>Name: </b>afterClass
                     </div>
                     <div>
                        <b>Signature: </b>afterClass()[pri:0, instance:CoreAccessPOD.CoreAccessPODApplications.CoreAccessPODTestNG@7823a2f9]
                     </div>
                     <div>
                        <b>Start time: </b>12:21:17
                     </div>
                     <div>
                        <b>End time: </b>12:21:17
                     </div>
                     <div>
                        <b>Duration: </b>0 ms
                        
                     </div>
                  </div>
               </td>
            </tr>
            <tr></tr>
         </table>
         <br></br>
      </div>
      <div style="margin-top: 15px; color: gray; text-align: center; font-size: 9px;">
         Generated with
         
         <a href="http://code.google.com/p/testng-xslt/" style="color: #8888aa;"
            target="_blank">
            TestNG XSLT
            
         </a>
      </div>
   </body>
</html>