<?xml version="1.0" encoding="UTF-8"?>
<testng-results ignored="0" total="1" passed="1" failed="0" skipped="0">
  <reporter-output>
  </reporter-output>
  <suite started-at="2019-01-10T10:44:00Z" name="Suite" finished-at="2019-01-10T10:44:06Z" duration-ms="6241">
    <groups>
    </groups>
    <test started-at="2019-01-10T10:44:00Z" name="Test" finished-at="2019-01-10T10:44:06Z" duration-ms="6241">
      <class name="RestAPItest.RestAPItest.DataPackBankdpbActivation">
        <test-method signature="f()[pri:0, instance:RestAPItest.RestAPItest.DataPackBankdpbActivation@145f66e3]" started-at="2019-01-10T10:44:00Z" name="f" finished-at="2019-01-10T10:44:06Z" duration-ms="6196" status="PASS">
          <reporter-output>
          </reporter-output>
        </test-method> <!-- f -->
      </class> <!-- RestAPItest.RestAPItest.DataPackBankdpbActivation -->
    </test> <!-- Test -->
  </suite> <!-- Suite -->
</testng-results>
